Release 14.7 - ngc2edif P.20131013 (nt64)
Copyright (c) 1995-2013 Xilinx, Inc.  All rights reserved.
Reading design hito3.ngc ...
WARNING:NetListWriters:298 - No output is written to hito3.xncf, ignored.
Processing design ...
   Preping design's networks ...
   Preping design's macros ...
  finished :Prep
Writing EDIF netlist file hito3.edif ...
ngc2edif: Total memory usage is 88628 kilobytes

Release 14.7 - ngc2edif P.20131013 (nt64)
Copyright (c) 1995-2013 Xilinx, Inc.  All rights reserved.
Reading design hito3.ngc ...
WARNING:NetListWriters:298 - No output is written to hito3.xncf, ignored.
Processing design ...
   Preping design's networks ...
   Preping design's macros ...
  finished :Prep
Writing EDIF netlist file hito3.edif ...
ngc2edif: Total memory usage is 88628 kilobytes

Release 14.7 - ngc2edif P.20131013 (nt64)
Copyright (c) 1995-2013 Xilinx, Inc.  All rights reserved.
Reading design hito3.ngc ...
WARNING:NetListWriters:298 - No output is written to hito3.xncf, ignored.
Processing design ...
   Preping design's networks ...
   Preping design's macros ...
  finished :Prep
Writing EDIF netlist file hito3.edif ...
ngc2edif: Total memory usage is 88948 kilobytes

Release 14.7 - ngc2edif P.20131013 (nt64)
Copyright (c) 1995-2013 Xilinx, Inc.  All rights reserved.
Reading design hito3.ngc ...
WARNING:NetListWriters:298 - No output is written to hito3.xncf, ignored.
Processing design ...
   Preping design's networks ...
   Preping design's macros ...
  finished :Prep
Writing EDIF netlist file hito3.edif ...
ngc2edif: Total memory usage is 88564 kilobytes

Release 14.7 - ngc2edif P.20131013 (nt64)
Copyright (c) 1995-2013 Xilinx, Inc.  All rights reserved.
Reading design hito3.ngc ...
WARNING:NetListWriters:298 - No output is written to hito3.xncf, ignored.
Processing design ...
   Preping design's networks ...
   Preping design's macros ...
  finished :Prep
Writing EDIF netlist file hito3.edif ...
ngc2edif: Total memory usage is 89012 kilobytes

Release 14.7 - ngc2edif P.20131013 (nt64)
Copyright (c) 1995-2013 Xilinx, Inc.  All rights reserved.
Reading design hito3.ngc ...
WARNING:NetListWriters:298 - No output is written to hito3.xncf, ignored.
Processing design ...
   Preping design's networks ...
   Preping design's macros ...
  finished :Prep
Writing EDIF netlist file hito3.edif ...
ngc2edif: Total memory usage is 88564 kilobytes

Release 14.7 - ngc2edif P.20131013 (nt64)
Copyright (c) 1995-2013 Xilinx, Inc.  All rights reserved.
Reading design hito3.ngc ...
WARNING:NetListWriters:298 - No output is written to hito3.xncf, ignored.
Processing design ...
   Preping design's networks ...
   Preping design's macros ...
  finished :Prep
Writing EDIF netlist file hito3.edif ...
ngc2edif: Total memory usage is 89396 kilobytes

